          ok  Starting native_osx for sync docker-sync
          ok  docker-sync container still running, restarting unison in container
     command  docker exec docker-sync supervisorctl restart unison
          ok  starting initial sync of docker-sync
     success  Sync container started
     success  Showing unison logs from your sync container: docker-sync
   Sync Log:  [BGN] Copying web/profiles/reactivelamp/themes/custom/activelamp/reactivelamp/node_modules/yargs from /host_sync to /app_sync
   Sync Log:  [END] Copying web/profiles/reactivelamp/themes/custom/activelamp/reactivelamp/node_modules/yargs
   Sync Log:  [BGN] Copying web/profiles/reactivelamp/themes/custom/activelamp/reactivelamp/node_modules/yargs-parser from /host_sync to /app_sync
   Sync Log:  [END] Copying web/profiles/reactivelamp/themes/custom/activelamp/reactivelamp/node_modules/yargs-parser
   Sync Log:  [BGN] Copying web/profiles/reactivelamp/themes/custom/activelamp/reactivelamp/node_modules/yeast from /host_sync to /app_sync
   Sync Log:  [END] Copying web/profiles/reactivelamp/themes/custom/activelamp/reactivelamp/node_modules/yeast
   Sync Log:  [BGN] Deleting web/profiles/reactivelamp/themes/custom/activelamp/reactivelamp/node_modules/.staging from /app_sync
   Sync Log:  [END] Deleting web/profiles/reactivelamp/themes/custom/activelamp/reactivelamp/node_modules/.staging
   Sync Log:  UNISON 2.48.4 finished propagating changes at 15:59:19.53 on 21 Jul 2017
   Sync Log:  Synchronization complete at 15:59:19  (467 items transferred, 0 skipped, 0 failed)
   Sync Log:  UNISON 2.48.4 started propagating changes at 15:00:24.61 on 24 Jul 2017
   Sync Log:  [BGN] Updating file composer.json from /host_sync to /app_sync
   Sync Log:  Failed: Error in copying locally:
   Sync Log:  Permission denied [open(/app_sync/.unison.composer.json.d5248851b29db96d2b92f27ab4e68625.unison.tmp)]
   Sync Log:  [BGN] Updating file composer.lock from /host_sync to /app_sync
   Sync Log:  Failed: Error in copying locally:
   Sync Log:  Permission denied [open(/app_sync/.unison.composer.lock.d5248851b29db96d2b92f27ab4e68625.unison.tmp)]
   Sync Log:  [BGN] Updating file vendor/composer/installed.json from /host_sync to /app_sync
   Sync Log:  [END] Updating file vendor/composer/installed.json
   Sync Log:  UNISON 2.48.4 finished propagating changes at 15:00:24.62 on 24 Jul 2017
   Sync Log:  Synchronization incomplete at 15:00:24  (1 item transferred, 0 skipped, 2 failed)
   Sync Log:    failed: composer.json
   Sync Log:    failed: composer.lock
   Sync Log:  UNISON 2.48.4 started propagating changes at 15:00:25.71 on 24 Jul 2017
   Sync Log:  [BGN] Updating file composer.json from /host_sync to /app_sync
   Sync Log:  Failed: Error in copying locally:
   Sync Log:  Permission denied [open(/app_sync/.unison.composer.json.d5248851b29db96d2b92f27ab4e68625.unison.tmp)]
   Sync Log:  [BGN] Updating file composer.lock from /host_sync to /app_sync
   Sync Log:  Failed: Error in copying locally:
   Sync Log:  Permission denied [open(/app_sync/.unison.composer.lock.d5248851b29db96d2b92f27ab4e68625.unison.tmp)]
   Sync Log:  [BGN] Copying web/sites/default/files/php/twig/59766decac50d_html.html.twig_gQv-GORxUVif_Pag4s-5z2NkO from /app_sync to /host_sync
   Sync Log:  [END] Copying web/sites/default/files/php/twig/59766decac50d_html.html.twig_gQv-GORxUVif_Pag4s-5z2NkO
   Sync Log:  [BGN] Copying web/sites/default/files/php/twig/59766decac50d_install-page.html.twig_eG0YDsfcoFlt83O9OZG4ysQES from /app_sync to /host_sync
   Sync Log:  [END] Copying web/sites/default/files/php/twig/59766decac50d_install-page.html.twig_eG0YDsfcoFlt83O9OZG4ysQES
   Sync Log:  [BGN] Copying web/sites/default/files/php/twig/59766decac50d_maintenance-task-list.htm_sB983SWLW9VoWXmkj9Mk9GGwW from /app_sync to /host_sync
   Sync Log:  [END] Copying web/sites/default/files/php/twig/59766decac50d_maintenance-task-list.htm_sB983SWLW9VoWXmkj9Mk9GGwW
   Sync Log:  [BGN] Copying web/sites/default/files/php/twig/59766decac50d_progress-bar.html.twig_KLZjEpo-27Ghv3Yyd1ETcZ2Of from /app_sync to /host_sync
   Sync Log:  [END] Copying web/sites/default/files/php/twig/59766decac50d_progress-bar.html.twig_KLZjEpo-27Ghv3Yyd1ETcZ2Of
   Sync Log:  [BGN] Copying web/sites/default/files/php/twig/59766decac50d_status-messages.html.twig_3IhisVoQLOYIb64NBegMDuHJs from /app_sync to /host_sync
   Sync Log:  [END] Copying web/sites/default/files/php/twig/59766decac50d_status-messages.html.twig_3IhisVoQLOYIb64NBegMDuHJs
   Sync Log:  UNISON 2.48.4 finished propagating changes at 15:00:25.78 on 24 Jul 2017
   Sync Log:  Synchronization incomplete at 15:00:25  (5 items transferred, 0 skipped, 2 failed)
   Sync Log:    failed: composer.json
   Sync Log:    failed: composer.lock
   Sync Log:  UNISON 2.48.4 started propagating changes at 15:00:30.72 on 24 Jul 2017
   Sync Log:  [BGN] Updating file composer.json from /host_sync to /app_sync
   Sync Log:  Failed: Error in copying locally:
   Sync Log:  Permission denied [open(/app_sync/.unison.composer.json.d5248851b29db96d2b92f27ab4e68625.unison.tmp)]
   Sync Log:  [BGN] Updating file composer.lock from /host_sync to /app_sync
   Sync Log:  Failed: Error in copying locally:
   Sync Log:  Permission denied [open(/app_sync/.unison.composer.lock.d5248851b29db96d2b92f27ab4e68625.unison.tmp)]
   Sync Log:  UNISON 2.48.4 finished propagating changes at 15:00:30.72 on 24 Jul 2017
   Sync Log:  Synchronization incomplete at 15:00:30  (0 items transferred, 0 skipped, 2 failed)
   Sync Log:    failed: composer.json
   Sync Log:    failed: composer.lock
   Sync Log:  UNISON 2.48.4 started propagating changes at 15:00:33.34 on 24 Jul 2017
   Sync Log:  [BGN] Copying web/sites/default/files/php/twig/59766e00cbcf0_html.html.twig_gQv-GORxUVif_Pag4s-5z2NkO from /app_sync to /host_sync
   Sync Log:  [END] Copying web/sites/default/files/php/twig/59766e00cbcf0_html.html.twig_gQv-GORxUVif_Pag4s-5z2NkO
   Sync Log:  UNISON 2.48.4 finished propagating changes at 15:00:33.36 on 24 Jul 2017
   Sync Log:  Synchronization complete at 15:00:33  (1 item transferred, 0 skipped, 0 failed)
   Sync Log:  UNISON 2.48.4 started propagating changes at 15:00:34.45 on 24 Jul 2017
   Sync Log:  [BGN] Copying web/sites/default/files/php/twig/59766e00cbcf0_install-page.html.twig_eG0YDsfcoFlt83O9OZG4ysQES from /app_sync to /host_sync
   Sync Log:  [END] Copying web/sites/default/files/php/twig/59766e00cbcf0_install-page.html.twig_eG0YDsfcoFlt83O9OZG4ysQES
   Sync Log:  [BGN] Copying web/sites/default/files/php/twig/59766e00cbcf0_maintenance-task-list.htm_sB983SWLW9VoWXmkj9Mk9GGwW from /app_sync to /host_sync
   Sync Log:  [END] Copying web/sites/default/files/php/twig/59766e00cbcf0_maintenance-task-list.htm_sB983SWLW9VoWXmkj9Mk9GGwW
   Sync Log:  [BGN] Copying web/sites/default/files/php/twig/59766e00cbcf0_status-messages.html.twig_3IhisVoQLOYIb64NBegMDuHJs from /app_sync to /host_sync
   Sync Log:  [END] Copying web/sites/default/files/php/twig/59766e00cbcf0_status-messages.html.twig_3IhisVoQLOYIb64NBegMDuHJs
   Sync Log:  UNISON 2.48.4 finished propagating changes at 15:00:34.49 on 24 Jul 2017
   Sync Log:  Synchronization complete at 15:00:34  (3 items transferred, 0 skipped, 0 failed)
   Sync Log:  UNISON 2.48.4 started propagating changes at 15:00:40.72 on 24 Jul 2017
   Sync Log:  [BGN] Updating file composer.json from /host_sync to /app_sync
   Sync Log:  Failed: Error in copying locally:
   Sync Log:  Permission denied [open(/app_sync/.unison.composer.json.d5248851b29db96d2b92f27ab4e68625.unison.tmp)]
   Sync Log:  [BGN] Updating file composer.lock from /host_sync to /app_sync
   Sync Log:  Failed: Error in copying locally:
   Sync Log:  Permission denied [open(/app_sync/.unison.composer.lock.d5248851b29db96d2b92f27ab4e68625.unison.tmp)]
   Sync Log:  UNISON 2.48.4 finished propagating changes at 15:00:40.72 on 24 Jul 2017
   Sync Log:  Synchronization incomplete at 15:00:40  (0 items transferred, 0 skipped, 2 failed)
   Sync Log:    failed: composer.json
   Sync Log:    failed: composer.lock
   Sync Log:  UNISON 2.48.4 started propagating changes at 15:01:01.72 on 24 Jul 2017
   Sync Log:  [BGN] Updating file composer.json from /host_sync to /app_sync
   Sync Log:  Failed: Error in copying locally:
   Sync Log:  Permission denied [open(/app_sync/.unison.composer.json.d5248851b29db96d2b92f27ab4e68625.unison.tmp)]
   Sync Log:  [BGN] Updating file composer.lock from /host_sync to /app_sync
   Sync Log:  Failed: Error in copying locally:
   Sync Log:  Permission denied [open(/app_sync/.unison.composer.lock.d5248851b29db96d2b92f27ab4e68625.unison.tmp)]
   Sync Log:  [BGN] Updating file web/profiles/reactivelamp/reactivelamp.info.yml from /host_sync to /app_sync
   Sync Log:  [END] Updating file web/profiles/reactivelamp/reactivelamp.info.yml
   Sync Log:  UNISON 2.48.4 finished propagating changes at 15:01:01.73 on 24 Jul 2017
   Sync Log:  Synchronization incomplete at 15:01:01  (1 item transferred, 0 skipped, 2 failed)
   Sync Log:    failed: composer.json
   Sync Log:    failed: composer.lock
   Sync Log:  UNISON 2.48.4 started propagating changes at 15:01:08.12 on 24 Jul 2017
   Sync Log:  [BGN] Copying web/sites/default/files/php/twig/59766e00cbcf0_input.html.twig_ERuDt4GH5s6IDX5Rk7p6rRnvP from /app_sync to /host_sync
   Sync Log:  [END] Copying web/sites/default/files/php/twig/59766e00cbcf0_input.html.twig_ERuDt4GH5s6IDX5Rk7p6rRnvP
   Sync Log:  UNISON 2.48.4 finished propagating changes at 15:01:08.13 on 24 Jul 2017
   Sync Log:  Synchronization complete at 15:01:08  (1 item transferred, 0 skipped, 0 failed)
   Sync Log:  UNISON 2.48.4 started propagating changes at 15:01:09.22 on 24 Jul 2017
   Sync Log:  [BGN] Copying web/sites/default/files/php/twig/59766e00cbcf0_container.html.twig_GxOCeeuKI3WMX-XvG7xBH41LX from /app_sync to /host_sync
   Sync Log:  [END] Copying web/sites/default/files/php/twig/59766e00cbcf0_container.html.twig_GxOCeeuKI3WMX-XvG7xBH41LX
   Sync Log:  [BGN] Copying web/sites/default/files/php/twig/59766e00cbcf0_form-element-label.html.t_2F0PKg0rvSEbfSrpsvdlvWqiZ from /app_sync to /host_sync
   Sync Log:  [END] Copying web/sites/default/files/php/twig/59766e00cbcf0_form-element-label.html.t_2F0PKg0rvSEbfSrpsvdlvWqiZ
   Sync Log:  [BGN] Copying web/sites/default/files/php/twig/59766e00cbcf0_form-element.html.twig_-8VoksTgTmjeqMtgqXqP8lzH2 from /app_sync to /host_sync
   Sync Log:  [END] Copying web/sites/default/files/php/twig/59766e00cbcf0_form-element.html.twig_-8VoksTgTmjeqMtgqXqP8lzH2
   Sync Log:  [BGN] Copying web/sites/default/files/php/twig/59766e00cbcf0_form.html.twig_8YQNKHjXLNkZYBkmHfFcOslf6 from /app_sync to /host_sync
   Sync Log:  [END] Copying web/sites/default/files/php/twig/59766e00cbcf0_form.html.twig_8YQNKHjXLNkZYBkmHfFcOslf6
   Sync Log:  [BGN] Copying web/sites/default/files/php/twig/59766e00cbcf0_html.html.twig_alB47I61V-5185blTDiBfYIE9 from /app_sync to /host_sync
   Sync Log:  [END] Copying web/sites/default/files/php/twig/59766e00cbcf0_html.html.twig_alB47I61V-5185blTDiBfYIE9
   Sync Log:  [BGN] Copying web/sites/default/files/php/twig/59766e00cbcf0_page.html.twig_sIVBuxVQnA6kv2sT5VcBTiGbd from /app_sync to /host_sync
   Sync Log:  [END] Copying web/sites/default/files/php/twig/59766e00cbcf0_page.html.twig_sIVBuxVQnA6kv2sT5VcBTiGbd
   Sync Log:  [BGN] Copying web/sites/default/files/php/twig/59766e00cbcf0_region.html.twig_N7xxFtTZo7fJdd3dGlr0lqgXu from /app_sync to /host_sync
   Sync Log:  [END] Copying web/sites/default/files/php/twig/59766e00cbcf0_region.html.twig_N7xxFtTZo7fJdd3dGlr0lqgXu
   Sync Log:  [BGN] Copying web/sites/default/files/php/twig/59766e00cbcf0_status-messages.html.twig_XhFZwo94rERKF7lzOnclehwrX from /app_sync to /host_sync
   Sync Log:  [END] Copying web/sites/default/files/php/twig/59766e00cbcf0_status-messages.html.twig_XhFZwo94rERKF7lzOnclehwrX
   Sync Log:  UNISON 2.48.4 finished propagating changes at 15:01:09.31 on 24 Jul 2017
   Sync Log:  Synchronization complete at 15:01:09  (8 items transferred, 0 skipped, 0 failed)
   Sync Log:  UNISON 2.48.4 started propagating changes at 15:01:41.76 on 24 Jul 2017
   Sync Log:  [BGN] Updating file composer.json from /host_sync to /app_sync
   Sync Log:  Failed: Error in copying locally:
   Sync Log:  Permission denied [open(/app_sync/.unison.composer.json.d5248851b29db96d2b92f27ab4e68625.unison.tmp)]
   Sync Log:  [BGN] Updating file composer.lock from /host_sync to /app_sync
   Sync Log:  Failed: Error in copying locally:
   Sync Log:  Permission denied [open(/app_sync/.unison.composer.lock.d5248851b29db96d2b92f27ab4e68625.unison.tmp)]
   Sync Log:  UNISON 2.48.4 finished propagating changes at 15:01:41.77 on 24 Jul 2017
   Sync Log:  Synchronization incomplete at 15:01:41  (0 items transferred, 0 skipped, 2 failed)
   Sync Log:    failed: composer.json
   Sync Log:    failed: composer.lock
   Sync Log:  UNISON 2.48.4 started propagating changes at 15:02:14.42 on 24 Jul 2017
   Sync Log:  [BGN] Copying web/sites/default/files/php/twig/59766e65de1c9_html.html.twig_gQv-GORxUVif_Pag4s-5z2NkO from /app_sync to /host_sync
   Sync Log:  [END] Copying web/sites/default/files/php/twig/59766e65de1c9_html.html.twig_gQv-GORxUVif_Pag4s-5z2NkO
   Sync Log:  UNISON 2.48.4 finished propagating changes at 15:02:14.44 on 24 Jul 2017
   Sync Log:  Synchronization complete at 15:02:14  (1 item transferred, 0 skipped, 0 failed)
   Sync Log:  UNISON 2.48.4 started propagating changes at 15:02:15.53 on 24 Jul 2017
   Sync Log:  [BGN] Copying web/sites/default/files/php/twig/59766e65de1c9_install-page.html.twig_eG0YDsfcoFlt83O9OZG4ysQES from /app_sync to /host_sync
   Sync Log:  [END] Copying web/sites/default/files/php/twig/59766e65de1c9_install-page.html.twig_eG0YDsfcoFlt83O9OZG4ysQES
   Sync Log:  [BGN] Copying web/sites/default/files/php/twig/59766e65de1c9_maintenance-task-list.htm_sB983SWLW9VoWXmkj9Mk9GGwW from /app_sync to /host_sync
   Sync Log:  [END] Copying web/sites/default/files/php/twig/59766e65de1c9_maintenance-task-list.htm_sB983SWLW9VoWXmkj9Mk9GGwW
   Sync Log:  [BGN] Copying web/sites/default/files/php/twig/59766e65de1c9_progress-bar.html.twig_KLZjEpo-27Ghv3Yyd1ETcZ2Of from /app_sync to /host_sync
   Sync Log:  [END] Copying web/sites/default/files/php/twig/59766e65de1c9_progress-bar.html.twig_KLZjEpo-27Ghv3Yyd1ETcZ2Of
   Sync Log:  [BGN] Copying web/sites/default/files/php/twig/59766e65de1c9_status-messages.html.twig_3IhisVoQLOYIb64NBegMDuHJs from /app_sync to /host_sync
   Sync Log:  [END] Copying web/sites/default/files/php/twig/59766e65de1c9_status-messages.html.twig_3IhisVoQLOYIb64NBegMDuHJs
   Sync Log:  UNISON 2.48.4 finished propagating changes at 15:02:15.59 on 24 Jul 2017
   Sync Log:  Synchronization complete at 15:02:15  (4 items transferred, 0 skipped, 0 failed)
   Sync Log:  UNISON 2.48.4 started propagating changes at 15:02:39.83 on 24 Jul 2017
   Sync Log:  [BGN] Copying web/sites/default/files/php/twig/59766e7ec53eb_container.html.twig_5ytYVUs_gdkx819cOy1xqJ2Z_ from /app_sync to /host_sync
   Sync Log:  [END] Copying web/sites/default/files/php/twig/59766e7ec53eb_container.html.twig_5ytYVUs_gdkx819cOy1xqJ2Z_
   Sync Log:  [BGN] Copying web/sites/default/files/php/twig/59766e7ec53eb_fieldset.html.twig_JMAAwhWf4E9thX8NFpCu7nvgO from /app_sync to /host_sync
   Sync Log:  [END] Copying web/sites/default/files/php/twig/59766e7ec53eb_fieldset.html.twig_JMAAwhWf4E9thX8NFpCu7nvgO
   Sync Log:  [BGN] Copying web/sites/default/files/php/twig/59766e7ec53eb_form-element-label.html.t_LIUK9REF8eGBcgyB37knqChLi from /app_sync to /host_sync
   Sync Log:  [END] Copying web/sites/default/files/php/twig/59766e7ec53eb_form-element-label.html.t_LIUK9REF8eGBcgyB37knqChLi
   Sync Log:  [BGN] Copying web/sites/default/files/php/twig/59766e7ec53eb_form-element.html.twig_dJcTIbdx1y7B0dbOtEyyZSSZ1 from /app_sync to /host_sync
   Sync Log:  [END] Copying web/sites/default/files/php/twig/59766e7ec53eb_form-element.html.twig_dJcTIbdx1y7B0dbOtEyyZSSZ1
   Sync Log:  [BGN] Copying web/sites/default/files/php/twig/59766e7ec53eb_form.html.twig_yB95M-mH2KEXj4tKtKISfLbel from /app_sync to /host_sync
   Sync Log:  [END] Copying web/sites/default/files/php/twig/59766e7ec53eb_form.html.twig_yB95M-mH2KEXj4tKtKISfLbel
   Sync Log:  [BGN] Copying web/sites/default/files/php/twig/59766e7ec53eb_html.html.twig_gQv-GORxUVif_Pag4s-5z2NkO from /app_sync to /host_sync
   Sync Log:  [END] Copying web/sites/default/files/php/twig/59766e7ec53eb_html.html.twig_gQv-GORxUVif_Pag4s-5z2NkO
   Sync Log:  [BGN] Copying web/sites/default/files/php/twig/59766e7ec53eb_input.html.twig_jYi6QYvFpjKLYKZCId7BmHw8z from /app_sync to /host_sync
   Sync Log:  [END] Copying web/sites/default/files/php/twig/59766e7ec53eb_input.html.twig_jYi6QYvFpjKLYKZCId7BmHw8z
   Sync Log:  [BGN] Copying web/sites/default/files/php/twig/59766e7ec53eb_install-page.html.twig_eG0YDsfcoFlt83O9OZG4ysQES from /app_sync to /host_sync
   Sync Log:  [END] Copying web/sites/default/files/php/twig/59766e7ec53eb_install-page.html.twig_eG0YDsfcoFlt83O9OZG4ysQES
   Sync Log:  [BGN] Copying web/sites/default/files/php/twig/59766e7ec53eb_maintenance-task-list.htm_sB983SWLW9VoWXmkj9Mk9GGwW from /app_sync to /host_sync
   Sync Log:  [END] Copying web/sites/default/files/php/twig/59766e7ec53eb_maintenance-task-list.htm_sB983SWLW9VoWXmkj9Mk9GGwW
   Sync Log:  [BGN] Copying web/sites/default/files/php/twig/59766e7ec53eb_select.html.twig_Mr8lFiPaNe0gAm8QCjlpAZN1y from /app_sync to /host_sync
   Sync Log:  [END] Copying web/sites/default/files/php/twig/59766e7ec53eb_select.html.twig_Mr8lFiPaNe0gAm8QCjlpAZN1y
   Sync Log:  [BGN] Copying web/sites/default/files/php/twig/59766e7ec53eb_status-messages.html.twig_3IhisVoQLOYIb64NBegMDuHJs from /app_sync to /host_sync
   Sync Log:  [END] Copying web/sites/default/files/php/twig/59766e7ec53eb_status-messages.html.twig_3IhisVoQLOYIb64NBegMDuHJs
   Sync Log:  UNISON 2.48.4 finished propagating changes at 15:02:39.93 on 24 Jul 2017
   Sync Log:  Synchronization complete at 15:02:40  (11 items transferred, 0 skipped, 0 failed)
   Sync Log:  UNISON 2.48.4 started propagating changes at 15:02:41.05 on 24 Jul 2017
   Sync Log:  [BGN] Copying web/sites/default/files/php/twig/59766e7ec53eb_html.html.twig_alB47I61V-5185blTDiBfYIE9 from /app_sync to /host_sync
   Sync Log:  [END] Copying web/sites/default/files/php/twig/59766e7ec53eb_html.html.twig_alB47I61V-5185blTDiBfYIE9
   Sync Log:  [BGN] Copying web/sites/default/files/php/twig/59766e7ec53eb_page.html.twig_sIVBuxVQnA6kv2sT5VcBTiGbd from /app_sync to /host_sync
   Sync Log:  [END] Copying web/sites/default/files/php/twig/59766e7ec53eb_page.html.twig_sIVBuxVQnA6kv2sT5VcBTiGbd
   Sync Log:  [BGN] Copying web/sites/default/files/php/twig/59766e7ec53eb_region.html.twig_N7xxFtTZo7fJdd3dGlr0lqgXu from /app_sync to /host_sync
   Sync Log:  [END] Copying web/sites/default/files/php/twig/59766e7ec53eb_region.html.twig_N7xxFtTZo7fJdd3dGlr0lqgXu
   Sync Log:  [BGN] Copying web/sites/default/files/php/twig/59766e7ec53eb_status-messages.html.twig_XhFZwo94rERKF7lzOnclehwrX from /app_sync to /host_sync
   Sync Log:  [END] Copying web/sites/default/files/php/twig/59766e7ec53eb_status-messages.html.twig_XhFZwo94rERKF7lzOnclehwrX
   Sync Log:  UNISON 2.48.4 finished propagating changes at 15:02:41.09 on 24 Jul 2017
   Sync Log:  Synchronization complete at 15:02:41  (4 items transferred, 0 skipped, 0 failed)
